[Sat Nov 15 08:22:01 AM PST 2025] Starting auto-push...
From github.com:haunter-actual/haunter-actual.github.io
 * branch            main       -> FETCH_HEAD
error: cannot rebase: You have unstaged changes.
error: Please commit or stash them.
Already up to date.
[Sat Nov 15 08:22:03 AM PST 2025] Changes detected — committing...
[main 797f6ff] Auto sync: 2025-11-15 08:22:03
 3 files changed, 42 insertions(+), 2 deletions(-)
 create mode 100644 autopush.log
 create mode 100755 autopush.sh
[Sat Nov 15 08:22:03 AM PST 2025] Pushing to GitHub...
To github.com:haunter-actual/haunter-actual.github.io.git
   84b6ca8..797f6ff  main -> main
[Sat Nov 15 08:22:05 AM PST 2025] Push complete.
[Sat Nov 15 08:23:01 AM PST 2025] Starting auto-push...
From github.com:haunter-actual/haunter-actual.github.io
 * branch            main       -> FETCH_HEAD
error: cannot rebase: You have unstaged changes.
error: Please commit or stash them.
Already up to date.
